[01/Oct/2021:05:44:09] ENGINE Listening for SIGTERM.
[01/Oct/2021:05:44:09] ENGINE Bus STARTING
[01/Oct/2021:05:44:09] ENGINE Set handler for console events.
[01/Oct/2021:05:44:09] ENGINE Started monitor thread 'Autoreloader'.
[01/Oct/2021:05:44:09] ENGINE Serving on http://127.7.7.7:7777
[01/Oct/2021:05:44:09] ENGINE Bus STARTED
[01/Oct/2021:19:58:21] ENGINE Listening for SIGTERM.
[01/Oct/2021:19:58:21] ENGINE Bus STARTING
[01/Oct/2021:19:58:21] ENGINE Set handler for console events.
[01/Oct/2021:19:58:21] ENGINE Started monitor thread 'Autoreloader'.
[01/Oct/2021:19:58:21] ENGINE Serving on http://127.7.7.7:7777
[01/Oct/2021:19:58:21] ENGINE Bus STARTED
[01/Oct/2021:20:07:44] ENGINE Listening for SIGTERM.
[01/Oct/2021:20:07:44] ENGINE Bus STARTING
[01/Oct/2021:20:07:44] ENGINE Set handler for console events.
[01/Oct/2021:20:07:44] ENGINE Started monitor thread 'Autoreloader'.
[01/Oct/2021:20:07:44] ENGINE Serving on http://127.7.7.7:7777
[01/Oct/2021:20:07:44] ENGINE Bus STARTED
[02/Oct/2021:09:48:22] ENGINE Listening for SIGTERM.
[02/Oct/2021:09:48:22] ENGINE Bus STARTING
[02/Oct/2021:09:48:22] ENGINE Set handler for console events.
[02/Oct/2021:09:48:22] ENGINE Started monitor thread 'Autoreloader'.
[02/Oct/2021:09:48:22] ENGINE Serving on http://127.7.7.7:7777
[02/Oct/2021:09:48:22] ENGINE Bus STARTED
[02/Oct/2021:13:14:42] ENGINE Listening for SIGTERM.
[02/Oct/2021:13:14:42] ENGINE Bus STARTING
[02/Oct/2021:13:14:42] ENGINE Set handler for console events.
[02/Oct/2021:13:14:42] ENGINE Started monitor thread 'Autoreloader'.
[02/Oct/2021:13:14:42] ENGINE Serving on http://127.7.7.7:7777
[02/Oct/2021:13:14:42] ENGINE Bus STARTED
[03/Oct/2021:07:06:09] ENGINE Listening for SIGTERM.
[03/Oct/2021:07:06:09] ENGINE Bus STARTING
[03/Oct/2021:07:06:09] ENGINE Set handler for console events.
[03/Oct/2021:07:06:09] ENGINE Started monitor thread 'Autoreloader'.
[03/Oct/2021:07:06:10] ENGINE Serving on http://127.7.7.7:7777
[03/Oct/2021:07:06:10] ENGINE Bus STARTED
[03/Oct/2021:16:49:52] ENGINE Listening for SIGTERM.
[03/Oct/2021:16:49:52] ENGINE Bus STARTING
[03/Oct/2021:16:49:52] ENGINE Set handler for console events.
[03/Oct/2021:16:49:52] ENGINE Started monitor thread 'Autoreloader'.
[03/Oct/2021:16:49:52] ENGINE Serving on http://127.7.7.7:7777
[03/Oct/2021:16:49:52] ENGINE Bus STARTED
